This is pdfTeX, Version 3.141592653-2.6-1.40.26 (TeX Live 2025/dev/Debian) (preloaded format=pdflatex 2025.9.1)  24 OCT 2025 15:29
entering extended mode
 restricted \write18 enabled.
 file:line:error style messages enabled.
 %&-line parsing enabled.
**/home/lavoni/L/Misc/Bingo/bingo_tables.tex
(/home/lavoni/L/Misc/Bingo/bingo_tables.tex
LaTeX2e <2024-11-01> patch level 2
L3 programming layer <2025-01-18>
(/usr/share/texlive/texmf-dist/tex/latex/base/article.cls
Document Class: article 2024/06/29 v1.4n Standard LaTeX document class
(/usr/share/texlive/texmf-dist/tex/latex/base/size10.clo
File: size10.clo 2024/06/29 v1.4n Standard LaTeX file (size option)
)
\c@part=\count196
\c@section=\count197
\c@subsection=\count198
\c@subsubsection=\count199
\c@paragraph=\count266
\c@subparagraph=\count267
\c@figure=\count268
\c@table=\count269
\abovecaptionskip=\skip49
\belowcaptionskip=\skip50
\bibindent=\dimen141
) (/usr/share/texlive/texmf-dist/tex/latex/geometry/geometry.sty
Package: geometry 2020/01/02 v5.9 Page Geometry
 (/usr/share/texlive/texmf-dist/tex/latex/graphics/keyval.sty
Package: keyval 2022/05/29 v1.15 key=value parser (DPC)
\KV@toks@=\toks17
) (/usr/share/texlive/texmf-dist/tex/generic/iftex/ifvtex.sty
Package: ifvtex 2019/10/25 v1.7 ifvtex legacy package. Use iftex instead.
 (/usr/share/texlive/texmf-dist/tex/generic/iftex/iftex.sty
Package: iftex 2024/12/12 v1.0g TeX engine tests
))
\Gm@cnth=\count270
\Gm@cntv=\count271
\c@Gm@tempcnt=\count272
\Gm@bindingoffset=\dimen142
\Gm@wd@mp=\dimen143
\Gm@odd@mp=\dimen144
\Gm@even@mp=\dimen145
\Gm@layoutwidth=\dimen146
\Gm@layoutheight=\dimen147
\Gm@layouthoffset=\dimen148
\Gm@layoutvoffset=\dimen149
\Gm@dimlist=\toks18
) (/usr/share/texlive/texmf-dist/tex/latex/tools/array.sty
Package: array 2024/10/17 v2.6g Tabular extension package (FMi)
\col@sep=\dimen150
\ar@mcellbox=\box52
\extrarowheight=\dimen151
\NC@list=\toks19
\extratabsurround=\skip51
\backup@length=\skip52
\ar@cellbox=\box53
) (/usr/share/texlive/texmf-dist/tex/latex/nopageno/nopageno.sty
Package: nopageno 1989/01/01 no page numbers (DPC)
) (/usr/share/texlive/texmf-dist/tex/latex/base/fontenc.sty
Package: fontenc 2021/04/29 v2.0v Standard LaTeX package
) (/usr/share/texlive/texmf-dist/tex/latex/base/inputenc.sty
Package: inputenc 2024/02/08 v1.3d Input encoding file
\inpenc@prehook=\toks20
\inpenc@posthook=\toks21
) (/usr/share/texlive/texmf-dist/tex/latex/psnfss/helvet.sty
Package: helvet 2020/03/25 PSNFSS-v9.3 (WaS) 
)
LaTeX Font Info:    Trying to load font information for T1+phv on input line 11.
 (/usr/share/texlive/texmf-dist/tex/latex/psnfss/t1phv.fd
File: t1phv.fd 2020/03/25 scalable font definitions for T1/phv.
) (/usr/share/texlive/texmf-dist/tex/latex/l3backend/l3backend-pdftex.def
File: l3backend-pdftex.def 2024-05-08 L3 backend support: PDF output (pdfTeX)
\l__color_backend_stack_int=\count273
\l__pdf_internal_box=\box54
) (./bingo_tables.aux)
\openout1 = `bingo_tables.aux'.

LaTeX Font Info:    Checking defaults for OML/cmm/m/it on input line 11.
LaTeX Font Info:    ... okay on input line 11.
LaTeX Font Info:    Checking defaults for OMS/cmsy/m/n on input line 11.
LaTeX Font Info:    ... okay on input line 11.
LaTeX Font Info:    Checking defaults for OT1/cmr/m/n on input line 11.
LaTeX Font Info:    ... okay on input line 11.
LaTeX Font Info:    Checking defaults for T1/cmr/m/n on input line 11.
LaTeX Font Info:    ... okay on input line 11.
LaTeX Font Info:    Checking defaults for TS1/cmr/m/n on input line 11.
LaTeX Font Info:    ... okay on input line 11.
LaTeX Font Info:    Checking defaults for OMX/cmex/m/n on input line 11.
LaTeX Font Info:    ... okay on input line 11.
LaTeX Font Info:    Checking defaults for U/cmr/m/n on input line 11.
LaTeX Font Info:    ... okay on input line 11.

*geometry* driver: auto-detecting
*geometry* detected driver: pdftex
*geometry* verbose mode - [ preamble ] result:
* driver: pdftex
* paper: a4paper
* layout: <same size as paper>
* layoutoffset:(h,v)=(0.0pt,0.0pt)
* modes: landscape 
* h-part:(L,W,R)=(72.26999pt, 700.50687pt, 72.26999pt)
* v-part:(T,H,B)=(72.26999pt, 452.9679pt, 72.26999pt)
* \paperwidth=845.04684pt
* \paperheight=597.50787pt
* \textwidth=700.50687pt
* \textheight=452.9679pt
* \oddsidemargin=0.0pt
* \evensidemargin=0.0pt
* \topmargin=-37.0pt
* \headheight=12.0pt
* \headsep=25.0pt
* \topskip=10.0pt
* \footskip=30.0pt
* \marginparwidth=65.0pt
* \marginparsep=11.0pt
* \columnsep=10.0pt
* \skip\footins=9.0pt plus 4.0pt minus 2.0pt
* \hoffset=0.0pt
* \voffset=0.0pt
* \mag=1000
* \@twocolumnfalse
* \@twosidefalse
* \@mparswitchfalse
* \@reversemarginfalse
* (1in=72.27pt=25.4mm, 1cm=28.453pt)

LaTeX Font Info:    Trying to load font information for TS1+phv on input line 20.
(/usr/share/texlive/texmf-dist/tex/latex/psnfss/ts1phv.fd
File: ts1phv.fd 2020/03/25 scalable font definitions for TS1/phv.
)

[1

{/var/lib/texmf/fonts/map/pdftex/updmap/pdftex.map}{/usr/share/texlive/texmf-dist/fonts/enc/dvips/base/8r.enc}]
LaTeX Font Info:    External font `cmex10' loaded for size
(Font)              <7> on input line 32.
LaTeX Font Info:    External font `cmex10' loaded for size
(Font)              <5> on input line 32.

Underfull \hbox (badness 5288) in paragraph at lines 34--34
[]|\T1/phv/m/n/10 Skal ar-be-jde på et pro-
 []


Underfull \hbox (badness 1389) in paragraph at lines 34--34
\T1/phv/m/n/10 jekt/aflevering i af-ten efter
 []


Underfull \hbox (badness 4072) in paragraph at lines 38--39
[]|\T1/phv/m/n/10 Foretrækker 2 mellem-rum
 []


Underfull \hbox (badness 1590) in paragraph at lines 40--40
[]|\T1/phv/m/n/10 Valgte dat-a-logi selvom de
 []


Underfull \hbox (badness 10000) in paragraph at lines 42--42
[]|\T1/phv/m/n/10 Har en ad-min-is-tra-
 []


Underfull \hbox (badness 10000) in paragraph at lines 42--42
\T1/phv/m/n/10 tor/moderator rolle på
 []



[2]
Underfull \hbox (badness 2065) in paragraph at lines 57--57
[]|\T1/phv/m/n/10 Kan fork-lare hvad Ac-tiv-ity
 []



[3]
Underfull \hbox (badness 4899) in paragraph at lines 72--73
[]|\T1/phv/m/n/10 Foretrækker light mode i
 []


Underfull \hbox (badness 10000) in paragraph at lines 76--76
[]|\T1/phv/m/n/10 Foretrækker Høker Ba-jer
 []


Underfull \hbox (badness 4072) in paragraph at lines 80--80
[]|\T1/phv/m/n/10 Foretrækker 2 mellem-rum
 []



[4]
Underfull \hbox (badness 5832) in paragraph at lines 97--97
\T1/phv/m/n/10 efter maden er serveret,
 []


Underfull \hbox (badness 1354) in paragraph at lines 99--99
[]|\T1/phv/m/n/10 Foretrækker PHP frem for
 []



[5]
Underfull \hbox (badness 4072) in paragraph at lines 114--114
[]|\T1/phv/m/n/10 Foretrækker 2 mellem-rum
 []


Underfull \hbox (badness 1590) in paragraph at lines 114--114
[]|\T1/phv/m/n/10 Valgte dat-a-logi selvom de
 []


Underfull \hbox (badness 2065) in paragraph at lines 116--116
[]|\T1/phv/m/n/10 Kan fork-lare hvad Ac-tiv-ity
 []



[6]
Underfull \hbox (badness 4072) in paragraph at lines 131--131
[]|\T1/phv/m/n/10 Foretrækker 2 mellem-rum
 []



[7]
Underfull \hbox (badness 10000) in paragraph at lines 148--148
[]|\T1/phv/m/n/10 Foretrækker Høker Ba-jer
 []


Underfull \hbox (badness 4940) in paragraph at lines 152--153
[]|\T1/phv/m/n/10 Har været sam-men med
 []



[8]
Underfull \hbox (badness 1354) in paragraph at lines 169--169
[]|\T1/phv/m/n/10 Foretrækker PHP frem for
 []


Underfull \hbox (badness 1590) in paragraph at lines 171--171
[]|\T1/phv/m/n/10 Valgte dat-a-logi selvom de
 []



[9]
Underfull \hbox (badness 5832) in paragraph at lines 190--191
\T1/phv/m/n/10 efter maden er serveret,
 []



[10]
Underfull \hbox (badness 10000) in paragraph at lines 205--205
[]|\T1/phv/m/n/10 Foretrækker Høker Ba-jer
 []


Underfull \hbox (badness 4072) in paragraph at lines 211--211
[]|\T1/phv/m/n/10 Foretrækker 2 mellem-rum
 []


Underfull \hbox (badness 1354) in paragraph at lines 213--213
[]|\T1/phv/m/n/10 Foretrækker PHP frem for
 []



[11]
Underfull \hbox (badness 10000) in paragraph at lines 224--225
[]|\T1/phv/m/n/10 Shamelessly har lootet
 []


Underfull \hbox (badness 1194) in paragraph at lines 224--225
\T1/phv/m/n/10 snacks og mer-chan-dize til
 []


Underfull \hbox (badness 10000) in paragraph at lines 232--233
[]|\T1/phv/m/n/10 Foretrækker Høker Ba-jer
 []



[12]
Underfull \hbox (badness 5832) in paragraph at lines 243--244
\T1/phv/m/n/10 efter maden er serveret,
 []


Underfull \hbox (badness 10000) in paragraph at lines 245--245
[]|\T1/phv/m/n/10 Foretrækker Høker Ba-jer
 []


Underfull \hbox (badness 10000) in paragraph at lines 245--245
[]|\T1/phv/m/n/10 Fortsatte med at bruge
 []


Underfull \hbox (badness 10000) in paragraph at lines 245--246
[]|\T1/phv/m/n/10 Shamelessly har lootet
 []


Underfull \hbox (badness 1194) in paragraph at lines 245--246
\T1/phv/m/n/10 snacks og mer-chan-dize til
 []


Underfull \hbox (badness 1590) in paragraph at lines 247--247
[]|\T1/phv/m/n/10 Valgte dat-a-logi selvom de
 []


Underfull \hbox (badness 1354) in paragraph at lines 249--249
[]|\T1/phv/m/n/10 Foretrækker PHP frem for
 []



[13]
Underfull \hbox (badness 4072) in paragraph at lines 270--270
[]|\T1/phv/m/n/10 Foretrækker 2 mellem-rum
 []



[14]

[15]
Underfull \hbox (badness 10000) in paragraph at lines 302--303
[]|\T1/phv/m/n/10 Har en ad-min-is-tra-
 []


Underfull \hbox (badness 10000) in paragraph at lines 302--303
\T1/phv/m/n/10 tor/moderator rolle på
 []



[16] (./bingo_tables.aux)
 ***********
LaTeX2e <2024-11-01> patch level 2
L3 programming layer <2025-01-18>
 ***********
 ) 
Here is how much of TeX's memory you used:
 1500 strings out of 473236
 23701 string characters out of 5720056
 420158 words of memory out of 5000000
 24777 multiletter control sequences out of 15000+600000
 572889 words of font info for 47 fonts, out of 8000000 for 9000
 1131 hyphenation exceptions out of 8191
 57i,8n,65p,341b,215s stack positions out of 10000i,1000n,20000p,200000b,200000s
</usr/share/texlive/texmf-dist/fonts/type1/urw/helvetic/uhvb8a.pfb></usr/share/texlive/texmf-dist/fonts/type1/urw/helvetic/uhvr8a.pfb>
Output written on bingo_tables.pdf (16 pages, 35372 bytes).
PDF statistics:
 67 PDF objects out of 1000 (max. 8388607)
 44 compressed objects within 1 object stream
 0 named destinations out of 1000 (max. 500000)
 1 words of extra memory for PDF output out of 10000 (max. 10000000)

